2026-03-23 15:36:57,800 - INFO - ========== PIPELINE STARTED ==========
2026-03-23 15:36:57,800 - INFO - Step 1 - Extracting data...
2026-03-23 15:36:57,979 - INFO - Extraction complete - 9 datasets loaded
2026-03-23 15:36:57,979 - INFO - Step 3 - Loading data...
2026-03-23 15:36:58,313 - INFO - Load complete
2026-03-23 15:36:58,313 - INFO - ========== PIPELINE FINISHED ==========
2026-03-23 16:38:12,703  [INFO]  Scheduler started.
2026-03-23 16:38:12,703  [INFO]  === Pipeline Run Started ===
2026-03-23 16:38:13,685  [INFO]  === Pipeline Completed Successfully ===
2026-03-23 16:38:13,695  [INFO]  Next scheduled run: 2026-03-24 00:00:00
2026-03-23 16:44:04  [INFO]  Scheduler started.
2026-03-23 16:44:04  [INFO]  === Pipeline Run Started ===
2026-03-23 16:44:04  [INFO]  Report generation started.
2026-03-23 16:44:05  [INFO]  Reports saved → reports/hospital_report_2026-03-23.txt | reports/hospital_report_2026-03-23.html
2026-03-23 16:44:05  [INFO]  Report generation completed.
2026-03-23 16:44:05  [INFO]  === Pipeline Completed Successfully ===
2026-03-23 16:44:05  [INFO]  Next scheduled run: 2026-03-24 00:00:00
2026-03-23 16:55:20  [INFO]  Scheduler started.
2026-03-23 16:55:20  [INFO]  === Pipeline Run Started ===
2026-03-23 16:55:20  [INFO]  CSV backup saved to cleaned_data/
2026-03-23 16:55:20  [ERROR]  MySQL load failed: (pymysql.err.OperationalError) (2003, "Can't connect to MySQL server on 'localhost' ([Errno 61] Connection refused)")
(Background on this error at: https://sqlalche.me/e/20/e3q8)
Traceback (most recent call last):
  File "/Library/Frameworks/Python.framework/Versions/3.14/lib/python3.14/site-packages/pymysql/connections.py", line 661, in connect
    sock = socket.create_connection(
        (self.host, self.port), self.connect_timeout, **kwargs
    )
  File "/Library/Frameworks/Python.framework/Versions/3.14/lib/python3.14/socket.py", line 870, in create_connection
    raise exceptions[0]
  File "/Library/Frameworks/Python.framework/Versions/3.14/lib/python3.14/socket.py", line 855, in create_connection
    sock.connect(sa)
    ~~~~~~~~~~~~^^^^
ConnectionRefusedError: [Errno 61] Connection refused

During handling of the above exception, another exception occurred:

Traceback (most recent call last):
  File "/Library/Frameworks/Python.framework/Versions/3.14/lib/python3.14/site-packages/sqlalchemy/engine/base.py", line 143, in __init__
    self._dbapi_connection = engine.raw_connection()
                             ~~~~~~~~~~~~~~~~~~~~~^^
  File "/Library/Frameworks/Python.framework/Versions/3.14/lib/python3.14/site-packages/sqlalchemy/engine/base.py", line 3317, in raw_connection
    return self.pool.connect()
           ~~~~~~~~~~~~~~~~~^^
  File "/Library/Frameworks/Python.framework/Versions/3.14/lib/python3.14/site-packages/sqlalchemy/pool/base.py", line 448, in connect
    return _ConnectionFairy._checkout(self)
           ~~~~~~~~~~~~~~~~~~~~~~~~~~^^^^^^
  File "/Library/Frameworks/Python.framework/Versions/3.14/lib/python3.14/site-packages/sqlalchemy/pool/base.py", line 1272, in _checkout
    fairy = _ConnectionRecord.checkout(pool)
  File "/Library/Frameworks/Python.framework/Versions/3.14/lib/python3.14/site-packages/sqlalchemy/pool/base.py", line 712, in checkout
    rec = pool._do_get()
  File "/Library/Frameworks/Python.framework/Versions/3.14/lib/python3.14/site-packages/sqlalchemy/pool/impl.py", line 177, in _do_get
    with util.safe_reraise():
         ~~~~~~~~~~~~~~~~~^^
  File "/Library/Frameworks/Python.framework/Versions/3.14/lib/python3.14/site-packages/sqlalchemy/util/langhelpers.py", line 121, in __exit__
    raise exc_value.with_traceback(exc_tb)
  File "/Library/Frameworks/Python.framework/Versions/3.14/lib/python3.14/site-packages/sqlalchemy/pool/impl.py", line 175, in _do_get
    return self._create_connection()
           ~~~~~~~~~~~~~~~~~~~~~~~^^
  File "/Library/Frameworks/Python.framework/Versions/3.14/lib/python3.14/site-packages/sqlalchemy/pool/base.py", line 389, in _create_connection
    return _ConnectionRecord(self)
  File "/Library/Frameworks/Python.framework/Versions/3.14/lib/python3.14/site-packages/sqlalchemy/pool/base.py", line 674, in __init__
    self.__connect()
    ~~~~~~~~~~~~~~^^
  File "/Library/Frameworks/Python.framework/Versions/3.14/lib/python3.14/site-packages/sqlalchemy/pool/base.py", line 900, in __connect
    with util.safe_reraise():
         ~~~~~~~~~~~~~~~~~^^
  File "/Library/Frameworks/Python.framework/Versions/3.14/lib/python3.14/site-packages/sqlalchemy/util/langhelpers.py", line 121, in __exit__
    raise exc_value.with_traceback(exc_tb)
  File "/Library/Frameworks/Python.framework/Versions/3.14/lib/python3.14/site-packages/sqlalchemy/pool/base.py", line 896, in __connect
    self.dbapi_connection = connection = pool._invoke_creator(self)
                                         ~~~~~~~~~~~~~~~~~~~~^^^^^^
  File "/Library/Frameworks/Python.framework/Versions/3.14/lib/python3.14/site-packages/sqlalchemy/engine/create.py", line 667, in connect
    return dialect.connect(*cargs_tup, **cparams)
           ~~~~~~~~~~~~~~~^^^^^^^^^^^^^^^^^^^^^^^
  File "/Library/Frameworks/Python.framework/Versions/3.14/lib/python3.14/site-packages/sqlalchemy/engine/default.py", line 630, in connect
    return self.loaded_dbapi.connect(*cargs, **cparams)  # type: ignore[no-any-return]  # NOQA: E501
           ~~~~~~~~~~~~~~~~~~~~~~~~~^^^^^^^^^^^^^^^^^^^
  File "/Library/Frameworks/Python.framework/Versions/3.14/lib/python3.14/site-packages/pymysql/connections.py", line 365, in __init__
    self.connect()
    ~~~~~~~~~~~~^^
  File "/Library/Frameworks/Python.framework/Versions/3.14/lib/python3.14/site-packages/pymysql/connections.py", line 723, in connect
    raise exc
pymysql.err.OperationalError: (2003, "Can't connect to MySQL server on 'localhost' ([Errno 61] Connection refused)")

The above exception was the direct cause of the following exception:

Traceback (most recent call last):
  File "/Users/bipinbista/HOSPITAL_PYPELINE/pipeline/load.py", line 58, in store
    engine = get_engine()
  File "/Users/bipinbista/HOSPITAL_PYPELINE/pipeline/load.py", line 20, in get_engine
    with engine_no_db.connect() as conn:
         ~~~~~~~~~~~~~~~~~~~~^^
  File "/Library/Frameworks/Python.framework/Versions/3.14/lib/python3.14/site-packages/sqlalchemy/engine/base.py", line 3293, in connect
    return self._connection_cls(self)
           ~~~~~~~~~~~~~~~~~~~~^^^^^^
  File "/Library/Frameworks/Python.framework/Versions/3.14/lib/python3.14/site-packages/sqlalchemy/engine/base.py", line 145, in __init__
    Connection._handle_dbapi_exception_noconnection(
    ~~~~~~~~~~~~~~~~~~~~~~~~~~~~~~~~~~~~~~~~~~~~~~~^
        err, dialect, engine
        ^^^^^^^^^^^^^^^^^^^^
    )
    ^
  File "/Library/Frameworks/Python.framework/Versions/3.14/lib/python3.14/site-packages/sqlalchemy/engine/base.py", line 2448, in _handle_dbapi_exception_noconnection
    raise sqlalchemy_exception.with_traceback(exc_info[2]) from e
  File "/Library/Frameworks/Python.framework/Versions/3.14/lib/python3.14/site-packages/sqlalchemy/engine/base.py", line 143, in __init__
    self._dbapi_connection = engine.raw_connection()
                             ~~~~~~~~~~~~~~~~~~~~~^^
  File "/Library/Frameworks/Python.framework/Versions/3.14/lib/python3.14/site-packages/sqlalchemy/engine/base.py", line 3317, in raw_connection
    return self.pool.connect()
           ~~~~~~~~~~~~~~~~~^^
  File "/Library/Frameworks/Python.framework/Versions/3.14/lib/python3.14/site-packages/sqlalchemy/pool/base.py", line 448, in connect
    return _ConnectionFairy._checkout(self)
           ~~~~~~~~~~~~~~~~~~~~~~~~~~^^^^^^
  File "/Library/Frameworks/Python.framework/Versions/3.14/lib/python3.14/site-packages/sqlalchemy/pool/base.py", line 1272, in _checkout
    fairy = _ConnectionRecord.checkout(pool)
  File "/Library/Frameworks/Python.framework/Versions/3.14/lib/python3.14/site-packages/sqlalchemy/pool/base.py", line 712, in checkout
    rec = pool._do_get()
  File "/Library/Frameworks/Python.framework/Versions/3.14/lib/python3.14/site-packages/sqlalchemy/pool/impl.py", line 177, in _do_get
    with util.safe_reraise():
         ~~~~~~~~~~~~~~~~~^^
  File "/Library/Frameworks/Python.framework/Versions/3.14/lib/python3.14/site-packages/sqlalchemy/util/langhelpers.py", line 121, in __exit__
    raise exc_value.with_traceback(exc_tb)
  File "/Library/Frameworks/Python.framework/Versions/3.14/lib/python3.14/site-packages/sqlalchemy/pool/impl.py", line 175, in _do_get
    return self._create_connection()
           ~~~~~~~~~~~~~~~~~~~~~~~^^
  File "/Library/Frameworks/Python.framework/Versions/3.14/lib/python3.14/site-packages/sqlalchemy/pool/base.py", line 389, in _create_connection
    return _ConnectionRecord(self)
  File "/Library/Frameworks/Python.framework/Versions/3.14/lib/python3.14/site-packages/sqlalchemy/pool/base.py", line 674, in __init__
    self.__connect()
    ~~~~~~~~~~~~~~^^
  File "/Library/Frameworks/Python.framework/Versions/3.14/lib/python3.14/site-packages/sqlalchemy/pool/base.py", line 900, in __connect
    with util.safe_reraise():
         ~~~~~~~~~~~~~~~~~^^
  File "/Library/Frameworks/Python.framework/Versions/3.14/lib/python3.14/site-packages/sqlalchemy/util/langhelpers.py", line 121, in __exit__
    raise exc_value.with_traceback(exc_tb)
  File "/Library/Frameworks/Python.framework/Versions/3.14/lib/python3.14/site-packages/sqlalchemy/pool/base.py", line 896, in __connect
    self.dbapi_connection = connection = pool._invoke_creator(self)
                                         ~~~~~~~~~~~~~~~~~~~~^^^^^^
  File "/Library/Frameworks/Python.framework/Versions/3.14/lib/python3.14/site-packages/sqlalchemy/engine/create.py", line 667, in connect
    return dialect.connect(*cargs_tup, **cparams)
           ~~~~~~~~~~~~~~~^^^^^^^^^^^^^^^^^^^^^^^
  File "/Library/Frameworks/Python.framework/Versions/3.14/lib/python3.14/site-packages/sqlalchemy/engine/default.py", line 630, in connect
    return self.loaded_dbapi.connect(*cargs, **cparams)  # type: ignore[no-any-return]  # NOQA: E501
           ~~~~~~~~~~~~~~~~~~~~~~~~~^^^^^^^^^^^^^^^^^^^
  File "/Library/Frameworks/Python.framework/Versions/3.14/lib/python3.14/site-packages/pymysql/connections.py", line 365, in __init__
    self.connect()
    ~~~~~~~~~~~~^^
  File "/Library/Frameworks/Python.framework/Versions/3.14/lib/python3.14/site-packages/pymysql/connections.py", line 723, in connect
    raise exc
sqlalchemy.exc.OperationalError: (pymysql.err.OperationalError) (2003, "Can't connect to MySQL server on 'localhost' ([Errno 61] Connection refused)")
(Background on this error at: https://sqlalche.me/e/20/e3q8)
2026-03-23 16:55:20  [WARNING]  CSV files are still saved as backup in cleaned_data/
2026-03-23 16:55:20  [INFO]  Report generation started.
2026-03-23 16:55:21  [ERROR]  Pipeline failed: name 'html_path' is not defined
Traceback (most recent call last):
  File "/Users/bipinbista/HOSPITAL_PYPELINE/main.py", line 19, in run_pipeline
    generate_report()
    ~~~~~~~~~~~~~~~^^
  File "/Users/bipinbista/HOSPITAL_PYPELINE/pipeline/report.py", line 240, in generate_report
    logger.info(f"Reports saved → {txt_path} | {html_path}")
                                                ^^^^^^^^^
NameError: name 'html_path' is not defined. Did you mean: 'txt_path'?
2026-03-23 16:55:21  [INFO]  Next scheduled run: 2026-03-24 00:00:00
2026-03-23 16:58:15  [INFO]  Scheduler started.
2026-03-23 16:58:15  [INFO]  === Pipeline Run Started ===
2026-03-23 16:58:16  [INFO]  CSV backup saved to cleaned_data/
2026-03-23 16:58:16  [ERROR]  MySQL load failed: (pymysql.err.OperationalError) (2003, "Can't connect to MySQL server on 'localhost' ([Errno 61] Connection refused)")
(Background on this error at: https://sqlalche.me/e/20/e3q8)
Traceback (most recent call last):
  File "/Library/Frameworks/Python.framework/Versions/3.14/lib/python3.14/site-packages/pymysql/connections.py", line 661, in connect
    sock = socket.create_connection(
        (self.host, self.port), self.connect_timeout, **kwargs
    )
  File "/Library/Frameworks/Python.framework/Versions/3.14/lib/python3.14/socket.py", line 870, in create_connection
    raise exceptions[0]
  File "/Library/Frameworks/Python.framework/Versions/3.14/lib/python3.14/socket.py", line 855, in create_connection
    sock.connect(sa)
    ~~~~~~~~~~~~^^^^
ConnectionRefusedError: [Errno 61] Connection refused

During handling of the above exception, another exception occurred:

Traceback (most recent call last):
  File "/Library/Frameworks/Python.framework/Versions/3.14/lib/python3.14/site-packages/sqlalchemy/engine/base.py", line 143, in __init__
    self._dbapi_connection = engine.raw_connection()
                             ~~~~~~~~~~~~~~~~~~~~~^^
  File "/Library/Frameworks/Python.framework/Versions/3.14/lib/python3.14/site-packages/sqlalchemy/engine/base.py", line 3317, in raw_connection
    return self.pool.connect()
           ~~~~~~~~~~~~~~~~~^^
  File "/Library/Frameworks/Python.framework/Versions/3.14/lib/python3.14/site-packages/sqlalchemy/pool/base.py", line 448, in connect
    return _ConnectionFairy._checkout(self)
           ~~~~~~~~~~~~~~~~~~~~~~~~~~^^^^^^
  File "/Library/Frameworks/Python.framework/Versions/3.14/lib/python3.14/site-packages/sqlalchemy/pool/base.py", line 1272, in _checkout
    fairy = _ConnectionRecord.checkout(pool)
  File "/Library/Frameworks/Python.framework/Versions/3.14/lib/python3.14/site-packages/sqlalchemy/pool/base.py", line 712, in checkout
    rec = pool._do_get()
  File "/Library/Frameworks/Python.framework/Versions/3.14/lib/python3.14/site-packages/sqlalchemy/pool/impl.py", line 177, in _do_get
    with util.safe_reraise():
         ~~~~~~~~~~~~~~~~~^^
  File "/Library/Frameworks/Python.framework/Versions/3.14/lib/python3.14/site-packages/sqlalchemy/util/langhelpers.py", line 121, in __exit__
    raise exc_value.with_traceback(exc_tb)
  File "/Library/Frameworks/Python.framework/Versions/3.14/lib/python3.14/site-packages/sqlalchemy/pool/impl.py", line 175, in _do_get
    return self._create_connection()
           ~~~~~~~~~~~~~~~~~~~~~~~^^
  File "/Library/Frameworks/Python.framework/Versions/3.14/lib/python3.14/site-packages/sqlalchemy/pool/base.py", line 389, in _create_connection
    return _ConnectionRecord(self)
  File "/Library/Frameworks/Python.framework/Versions/3.14/lib/python3.14/site-packages/sqlalchemy/pool/base.py", line 674, in __init__
    self.__connect()
    ~~~~~~~~~~~~~~^^
  File "/Library/Frameworks/Python.framework/Versions/3.14/lib/python3.14/site-packages/sqlalchemy/pool/base.py", line 900, in __connect
    with util.safe_reraise():
         ~~~~~~~~~~~~~~~~~^^
  File "/Library/Frameworks/Python.framework/Versions/3.14/lib/python3.14/site-packages/sqlalchemy/util/langhelpers.py", line 121, in __exit__
    raise exc_value.with_traceback(exc_tb)
  File "/Library/Frameworks/Python.framework/Versions/3.14/lib/python3.14/site-packages/sqlalchemy/pool/base.py", line 896, in __connect
    self.dbapi_connection = connection = pool._invoke_creator(self)
                                         ~~~~~~~~~~~~~~~~~~~~^^^^^^
  File "/Library/Frameworks/Python.framework/Versions/3.14/lib/python3.14/site-packages/sqlalchemy/engine/create.py", line 667, in connect
    return dialect.connect(*cargs_tup, **cparams)
           ~~~~~~~~~~~~~~~^^^^^^^^^^^^^^^^^^^^^^^
  File "/Library/Frameworks/Python.framework/Versions/3.14/lib/python3.14/site-packages/sqlalchemy/engine/default.py", line 630, in connect
    return self.loaded_dbapi.connect(*cargs, **cparams)  # type: ignore[no-any-return]  # NOQA: E501
           ~~~~~~~~~~~~~~~~~~~~~~~~~^^^^^^^^^^^^^^^^^^^
  File "/Library/Frameworks/Python.framework/Versions/3.14/lib/python3.14/site-packages/pymysql/connections.py", line 365, in __init__
    self.connect()
    ~~~~~~~~~~~~^^
  File "/Library/Frameworks/Python.framework/Versions/3.14/lib/python3.14/site-packages/pymysql/connections.py", line 723, in connect
    raise exc
pymysql.err.OperationalError: (2003, "Can't connect to MySQL server on 'localhost' ([Errno 61] Connection refused)")

The above exception was the direct cause of the following exception:

Traceback (most recent call last):
  File "/Users/bipinbista/HOSPITAL_PYPELINE/pipeline/load.py", line 58, in store
    engine = get_engine()
  File "/Users/bipinbista/HOSPITAL_PYPELINE/pipeline/load.py", line 20, in get_engine
    with engine_no_db.connect() as conn:
         ~~~~~~~~~~~~~~~~~~~~^^
  File "/Library/Frameworks/Python.framework/Versions/3.14/lib/python3.14/site-packages/sqlalchemy/engine/base.py", line 3293, in connect
    return self._connection_cls(self)
           ~~~~~~~~~~~~~~~~~~~~^^^^^^
  File "/Library/Frameworks/Python.framework/Versions/3.14/lib/python3.14/site-packages/sqlalchemy/engine/base.py", line 145, in __init__
    Connection._handle_dbapi_exception_noconnection(
    ~~~~~~~~~~~~~~~~~~~~~~~~~~~~~~~~~~~~~~~~~~~~~~~^
        err, dialect, engine
        ^^^^^^^^^^^^^^^^^^^^
    )
    ^
  File "/Library/Frameworks/Python.framework/Versions/3.14/lib/python3.14/site-packages/sqlalchemy/engine/base.py", line 2448, in _handle_dbapi_exception_noconnection
    raise sqlalchemy_exception.with_traceback(exc_info[2]) from e
  File "/Library/Frameworks/Python.framework/Versions/3.14/lib/python3.14/site-packages/sqlalchemy/engine/base.py", line 143, in __init__
    self._dbapi_connection = engine.raw_connection()
                             ~~~~~~~~~~~~~~~~~~~~~^^
  File "/Library/Frameworks/Python.framework/Versions/3.14/lib/python3.14/site-packages/sqlalchemy/engine/base.py", line 3317, in raw_connection
    return self.pool.connect()
           ~~~~~~~~~~~~~~~~~^^
  File "/Library/Frameworks/Python.framework/Versions/3.14/lib/python3.14/site-packages/sqlalchemy/pool/base.py", line 448, in connect
    return _ConnectionFairy._checkout(self)
           ~~~~~~~~~~~~~~~~~~~~~~~~~~^^^^^^
  File "/Library/Frameworks/Python.framework/Versions/3.14/lib/python3.14/site-packages/sqlalchemy/pool/base.py", line 1272, in _checkout
    fairy = _ConnectionRecord.checkout(pool)
  File "/Library/Frameworks/Python.framework/Versions/3.14/lib/python3.14/site-packages/sqlalchemy/pool/base.py", line 712, in checkout
    rec = pool._do_get()
  File "/Library/Frameworks/Python.framework/Versions/3.14/lib/python3.14/site-packages/sqlalchemy/pool/impl.py", line 177, in _do_get
    with util.safe_reraise():
         ~~~~~~~~~~~~~~~~~^^
  File "/Library/Frameworks/Python.framework/Versions/3.14/lib/python3.14/site-packages/sqlalchemy/util/langhelpers.py", line 121, in __exit__
    raise exc_value.with_traceback(exc_tb)
  File "/Library/Frameworks/Python.framework/Versions/3.14/lib/python3.14/site-packages/sqlalchemy/pool/impl.py", line 175, in _do_get
    return self._create_connection()
           ~~~~~~~~~~~~~~~~~~~~~~~^^
  File "/Library/Frameworks/Python.framework/Versions/3.14/lib/python3.14/site-packages/sqlalchemy/pool/base.py", line 389, in _create_connection
    return _ConnectionRecord(self)
  File "/Library/Frameworks/Python.framework/Versions/3.14/lib/python3.14/site-packages/sqlalchemy/pool/base.py", line 674, in __init__
    self.__connect()
    ~~~~~~~~~~~~~~^^
  File "/Library/Frameworks/Python.framework/Versions/3.14/lib/python3.14/site-packages/sqlalchemy/pool/base.py", line 900, in __connect
    with util.safe_reraise():
         ~~~~~~~~~~~~~~~~~^^
  File "/Library/Frameworks/Python.framework/Versions/3.14/lib/python3.14/site-packages/sqlalchemy/util/langhelpers.py", line 121, in __exit__
    raise exc_value.with_traceback(exc_tb)
  File "/Library/Frameworks/Python.framework/Versions/3.14/lib/python3.14/site-packages/sqlalchemy/pool/base.py", line 896, in __connect
    self.dbapi_connection = connection = pool._invoke_creator(self)
                                         ~~~~~~~~~~~~~~~~~~~~^^^^^^
  File "/Library/Frameworks/Python.framework/Versions/3.14/lib/python3.14/site-packages/sqlalchemy/engine/create.py", line 667, in connect
    return dialect.connect(*cargs_tup, **cparams)
           ~~~~~~~~~~~~~~~^^^^^^^^^^^^^^^^^^^^^^^
  File "/Library/Frameworks/Python.framework/Versions/3.14/lib/python3.14/site-packages/sqlalchemy/engine/default.py", line 630, in connect
    return self.loaded_dbapi.connect(*cargs, **cparams)  # type: ignore[no-any-return]  # NOQA: E501
           ~~~~~~~~~~~~~~~~~~~~~~~~~^^^^^^^^^^^^^^^^^^^
  File "/Library/Frameworks/Python.framework/Versions/3.14/lib/python3.14/site-packages/pymysql/connections.py", line 365, in __init__
    self.connect()
    ~~~~~~~~~~~~^^
  File "/Library/Frameworks/Python.framework/Versions/3.14/lib/python3.14/site-packages/pymysql/connections.py", line 723, in connect
    raise exc
sqlalchemy.exc.OperationalError: (pymysql.err.OperationalError) (2003, "Can't connect to MySQL server on 'localhost' ([Errno 61] Connection refused)")
(Background on this error at: https://sqlalche.me/e/20/e3q8)
2026-03-23 16:58:16  [WARNING]  CSV files are still saved as backup in cleaned_data/
2026-03-23 16:58:16  [INFO]  Report generation started.
2026-03-23 16:58:16  [INFO]  Report saved → reports/hospital_report_2026-03-23.txt
2026-03-23 16:58:16  [INFO]  Report generation completed.
2026-03-23 16:58:16  [INFO]  === Pipeline Completed Successfully ===
2026-03-23 16:58:16  [INFO]  Next scheduled run: 2026-03-24 00:00:00
2026-03-23 17:01:05  [INFO]  Scheduler started.
2026-03-23 17:01:05  [INFO]  === Pipeline Run Started ===
2026-03-23 17:01:06  [INFO]  CSV backup saved to cleaned_data/
2026-03-23 17:01:06  [ERROR]  MySQL load failed: 'cryptography' package is required for sha256_password or caching_sha2_password auth methods
Traceback (most recent call last):
  File "/Users/bipinbista/HOSPITAL_PYPELINE/pipeline/load.py", line 58, in store
    engine = get_engine()
  File "/Users/bipinbista/HOSPITAL_PYPELINE/pipeline/load.py", line 20, in get_engine
    with engine_no_db.connect() as conn:
         ~~~~~~~~~~~~~~~~~~~~^^
  File "/Library/Frameworks/Python.framework/Versions/3.14/lib/python3.14/site-packages/sqlalchemy/engine/base.py", line 3293, in connect
    return self._connection_cls(self)
           ~~~~~~~~~~~~~~~~~~~~^^^^^^
  File "/Library/Frameworks/Python.framework/Versions/3.14/lib/python3.14/site-packages/sqlalchemy/engine/base.py", line 143, in __init__
    self._dbapi_connection = engine.raw_connection()
                             ~~~~~~~~~~~~~~~~~~~~~^^
  File "/Library/Frameworks/Python.framework/Versions/3.14/lib/python3.14/site-packages/sqlalchemy/engine/base.py", line 3317, in raw_connection
    return self.pool.connect()
           ~~~~~~~~~~~~~~~~~^^
  File "/Library/Frameworks/Python.framework/Versions/3.14/lib/python3.14/site-packages/sqlalchemy/pool/base.py", line 448, in connect
    return _ConnectionFairy._checkout(self)
           ~~~~~~~~~~~~~~~~~~~~~~~~~~^^^^^^
  File "/Library/Frameworks/Python.framework/Versions/3.14/lib/python3.14/site-packages/sqlalchemy/pool/base.py", line 1272, in _checkout
    fairy = _ConnectionRecord.checkout(pool)
  File "/Library/Frameworks/Python.framework/Versions/3.14/lib/python3.14/site-packages/sqlalchemy/pool/base.py", line 712, in checkout
    rec = pool._do_get()
  File "/Library/Frameworks/Python.framework/Versions/3.14/lib/python3.14/site-packages/sqlalchemy/pool/impl.py", line 177, in _do_get
    with util.safe_reraise():
         ~~~~~~~~~~~~~~~~~^^
  File "/Library/Frameworks/Python.framework/Versions/3.14/lib/python3.14/site-packages/sqlalchemy/util/langhelpers.py", line 121, in __exit__
    raise exc_value.with_traceback(exc_tb)
  File "/Library/Frameworks/Python.framework/Versions/3.14/lib/python3.14/site-packages/sqlalchemy/pool/impl.py", line 175, in _do_get
    return self._create_connection()
           ~~~~~~~~~~~~~~~~~~~~~~~^^
  File "/Library/Frameworks/Python.framework/Versions/3.14/lib/python3.14/site-packages/sqlalchemy/pool/base.py", line 389, in _create_connection
    return _ConnectionRecord(self)
  File "/Library/Frameworks/Python.framework/Versions/3.14/lib/python3.14/site-packages/sqlalchemy/pool/base.py", line 674, in __init__
    self.__connect()
    ~~~~~~~~~~~~~~^^
  File "/Library/Frameworks/Python.framework/Versions/3.14/lib/python3.14/site-packages/sqlalchemy/pool/base.py", line 900, in __connect
    with util.safe_reraise():
         ~~~~~~~~~~~~~~~~~^^
  File "/Library/Frameworks/Python.framework/Versions/3.14/lib/python3.14/site-packages/sqlalchemy/util/langhelpers.py", line 121, in __exit__
    raise exc_value.with_traceback(exc_tb)
  File "/Library/Frameworks/Python.framework/Versions/3.14/lib/python3.14/site-packages/sqlalchemy/pool/base.py", line 896, in __connect
    self.dbapi_connection = connection = pool._invoke_creator(self)
                                         ~~~~~~~~~~~~~~~~~~~~^^^^^^
  File "/Library/Frameworks/Python.framework/Versions/3.14/lib/python3.14/site-packages/sqlalchemy/engine/create.py", line 667, in connect
    return dialect.connect(*cargs_tup, **cparams)
           ~~~~~~~~~~~~~~~^^^^^^^^^^^^^^^^^^^^^^^
  File "/Library/Frameworks/Python.framework/Versions/3.14/lib/python3.14/site-packages/sqlalchemy/engine/default.py", line 630, in connect
    return self.loaded_dbapi.connect(*cargs, **cparams)  # type: ignore[no-any-return]  # NOQA: E501
           ~~~~~~~~~~~~~~~~~~~~~~~~~^^^^^^^^^^^^^^^^^^^
  File "/Library/Frameworks/Python.framework/Versions/3.14/lib/python3.14/site-packages/pymysql/connections.py", line 365, in __init__
    self.connect()
    ~~~~~~~~~~~~^^
  File "/Library/Frameworks/Python.framework/Versions/3.14/lib/python3.14/site-packages/pymysql/connections.py", line 681, in connect
    self._request_authentication()
    ~~~~~~~~~~~~~~~~~~~~~~~~~~~~^^
  File "/Library/Frameworks/Python.framework/Versions/3.14/lib/python3.14/site-packages/pymysql/connections.py", line 980, in _request_authentication
    auth_packet = _auth.caching_sha2_password_auth(self, auth_packet)
  File "/Library/Frameworks/Python.framework/Versions/3.14/lib/python3.14/site-packages/pymysql/_auth.py", line 271, in caching_sha2_password_auth
    data = sha2_rsa_encrypt(conn.password, conn.salt, conn.server_public_key)
  File "/Library/Frameworks/Python.framework/Versions/3.14/lib/python3.14/site-packages/pymysql/_auth.py", line 144, in sha2_rsa_encrypt
    raise RuntimeError(
    ...<2 lines>...
    )
RuntimeError: 'cryptography' package is required for sha256_password or caching_sha2_password auth methods
2026-03-23 17:01:06  [WARNING]  CSV files are still saved as backup in cleaned_data/
2026-03-23 17:01:06  [INFO]  Report generation started.
2026-03-23 17:01:06  [INFO]  Report saved → reports/hospital_report_2026-03-23.txt
2026-03-23 17:01:06  [INFO]  Report generation completed.
2026-03-23 17:01:06  [INFO]  === Pipeline Completed Successfully ===
2026-03-23 17:01:06  [INFO]  Next scheduled run: 2026-03-24 00:00:00
2026-03-23 17:03:03  [INFO]  Scheduler started.
2026-03-23 17:03:03  [INFO]  === Pipeline Run Started ===
2026-03-23 17:03:03  [INFO]  CSV backup saved to cleaned_data/
2026-03-23 17:03:03  [ERROR]  MySQL load failed: 'cryptography' package is required for sha256_password or caching_sha2_password auth methods
Traceback (most recent call last):
  File "/Users/bipinbista/HOSPITAL_PYPELINE/pipeline/load.py", line 58, in store
    engine = get_engine()
  File "/Users/bipinbista/HOSPITAL_PYPELINE/pipeline/load.py", line 20, in get_engine
    with engine_no_db.connect() as conn:
         ~~~~~~~~~~~~~~~~~~~~^^
  File "/Library/Frameworks/Python.framework/Versions/3.14/lib/python3.14/site-packages/sqlalchemy/engine/base.py", line 3293, in connect
    return self._connection_cls(self)
           ~~~~~~~~~~~~~~~~~~~~^^^^^^
  File "/Library/Frameworks/Python.framework/Versions/3.14/lib/python3.14/site-packages/sqlalchemy/engine/base.py", line 143, in __init__
    self._dbapi_connection = engine.raw_connection()
                             ~~~~~~~~~~~~~~~~~~~~~^^
  File "/Library/Frameworks/Python.framework/Versions/3.14/lib/python3.14/site-packages/sqlalchemy/engine/base.py", line 3317, in raw_connection
    return self.pool.connect()
           ~~~~~~~~~~~~~~~~~^^
  File "/Library/Frameworks/Python.framework/Versions/3.14/lib/python3.14/site-packages/sqlalchemy/pool/base.py", line 448, in connect
    return _ConnectionFairy._checkout(self)
           ~~~~~~~~~~~~~~~~~~~~~~~~~~^^^^^^
  File "/Library/Frameworks/Python.framework/Versions/3.14/lib/python3.14/site-packages/sqlalchemy/pool/base.py", line 1272, in _checkout
    fairy = _ConnectionRecord.checkout(pool)
  File "/Library/Frameworks/Python.framework/Versions/3.14/lib/python3.14/site-packages/sqlalchemy/pool/base.py", line 712, in checkout
    rec = pool._do_get()
  File "/Library/Frameworks/Python.framework/Versions/3.14/lib/python3.14/site-packages/sqlalchemy/pool/impl.py", line 177, in _do_get
    with util.safe_reraise():
         ~~~~~~~~~~~~~~~~~^^
  File "/Library/Frameworks/Python.framework/Versions/3.14/lib/python3.14/site-packages/sqlalchemy/util/langhelpers.py", line 121, in __exit__
    raise exc_value.with_traceback(exc_tb)
  File "/Library/Frameworks/Python.framework/Versions/3.14/lib/python3.14/site-packages/sqlalchemy/pool/impl.py", line 175, in _do_get
    return self._create_connection()
           ~~~~~~~~~~~~~~~~~~~~~~~^^
  File "/Library/Frameworks/Python.framework/Versions/3.14/lib/python3.14/site-packages/sqlalchemy/pool/base.py", line 389, in _create_connection
    return _ConnectionRecord(self)
  File "/Library/Frameworks/Python.framework/Versions/3.14/lib/python3.14/site-packages/sqlalchemy/pool/base.py", line 674, in __init__
    self.__connect()
    ~~~~~~~~~~~~~~^^
  File "/Library/Frameworks/Python.framework/Versions/3.14/lib/python3.14/site-packages/sqlalchemy/pool/base.py", line 900, in __connect
    with util.safe_reraise():
         ~~~~~~~~~~~~~~~~~^^
  File "/Library/Frameworks/Python.framework/Versions/3.14/lib/python3.14/site-packages/sqlalchemy/util/langhelpers.py", line 121, in __exit__
    raise exc_value.with_traceback(exc_tb)
  File "/Library/Frameworks/Python.framework/Versions/3.14/lib/python3.14/site-packages/sqlalchemy/pool/base.py", line 896, in __connect
    self.dbapi_connection = connection = pool._invoke_creator(self)
                                         ~~~~~~~~~~~~~~~~~~~~^^^^^^
  File "/Library/Frameworks/Python.framework/Versions/3.14/lib/python3.14/site-packages/sqlalchemy/engine/create.py", line 667, in connect
    return dialect.connect(*cargs_tup, **cparams)
           ~~~~~~~~~~~~~~~^^^^^^^^^^^^^^^^^^^^^^^
  File "/Library/Frameworks/Python.framework/Versions/3.14/lib/python3.14/site-packages/sqlalchemy/engine/default.py", line 630, in connect
    return self.loaded_dbapi.connect(*cargs, **cparams)  # type: ignore[no-any-return]  # NOQA: E501
           ~~~~~~~~~~~~~~~~~~~~~~~~~^^^^^^^^^^^^^^^^^^^
  File "/Library/Frameworks/Python.framework/Versions/3.14/lib/python3.14/site-packages/pymysql/connections.py", line 365, in __init__
    self.connect()
    ~~~~~~~~~~~~^^
  File "/Library/Frameworks/Python.framework/Versions/3.14/lib/python3.14/site-packages/pymysql/connections.py", line 681, in connect
    self._request_authentication()
    ~~~~~~~~~~~~~~~~~~~~~~~~~~~~^^
  File "/Library/Frameworks/Python.framework/Versions/3.14/lib/python3.14/site-packages/pymysql/connections.py", line 980, in _request_authentication
    auth_packet = _auth.caching_sha2_password_auth(self, auth_packet)
  File "/Library/Frameworks/Python.framework/Versions/3.14/lib/python3.14/site-packages/pymysql/_auth.py", line 271, in caching_sha2_password_auth
    data = sha2_rsa_encrypt(conn.password, conn.salt, conn.server_public_key)
  File "/Library/Frameworks/Python.framework/Versions/3.14/lib/python3.14/site-packages/pymysql/_auth.py", line 144, in sha2_rsa_encrypt
    raise RuntimeError(
    ...<2 lines>...
    )
RuntimeError: 'cryptography' package is required for sha256_password or caching_sha2_password auth methods
2026-03-23 17:03:03  [WARNING]  CSV files are still saved as backup in cleaned_data/
2026-03-23 17:03:03  [INFO]  Report generation started.
2026-03-23 17:03:04  [INFO]  Report saved → reports/hospital_report_2026-03-23.txt
2026-03-23 17:03:04  [INFO]  Report generation completed.
2026-03-23 17:03:04  [INFO]  === Pipeline Completed Successfully ===
2026-03-23 17:03:04  [INFO]  Next scheduled run: 2026-03-24 00:00:00
2026-03-23 17:13:14  [INFO]  Scheduler started.
2026-03-23 17:13:14  [INFO]  === Pipeline Run Started ===
2026-03-23 17:13:15  [INFO]  CSV backup saved to cleaned_data/
2026-03-23 17:13:15  [INFO]    Loaded 'patients' → 10000 rows
2026-03-23 17:13:15  [INFO]    Loaded 'doctors' → 20 rows
2026-03-23 17:13:15  [INFO]    Loaded 'departments' → 15 rows
2026-03-23 17:13:15  [INFO]    Loaded 'admissions' → 3589 rows
2026-03-23 17:13:15  [INFO]    Loaded 'appointments' → 19993 rows
2026-03-23 17:13:16  [INFO]    Loaded 'billing' → 21560 rows
2026-03-23 17:13:16  [INFO]    Loaded 'lab_tests' → 26740 rows
2026-03-23 17:13:16  [INFO]    Loaded 'diagnoses' → 36019 rows
2026-03-23 17:13:16  [INFO]    Loaded 'prescriptions' → 54129 rows
2026-03-23 17:13:16  [INFO]  All datasets loaded into SQLite (hospital.db)
2026-03-23 17:13:16  [INFO]  Report generation started.
2026-03-23 17:13:16  [INFO]  Report saved → reports/hospital_report_2026-03-23.txt
2026-03-23 17:13:16  [INFO]  Report generation completed.
2026-03-23 17:13:16  [INFO]  === Pipeline Completed Successfully ===
2026-03-23 17:13:17  [INFO]  Next scheduled run: 2026-03-24 00:00:00
2026-03-23 17:16:28  [INFO]  Scheduler started.
2026-03-23 17:16:28  [INFO]  === Pipeline Run Started ===
2026-03-23 17:16:29  [INFO]  CSV backup saved to cleaned_data/
2026-03-23 17:16:29  [INFO]    Loaded 'patients' → 10000 rows
2026-03-23 17:16:29  [INFO]    Loaded 'doctors' → 20 rows
2026-03-23 17:16:29  [INFO]    Loaded 'departments' → 15 rows
2026-03-23 17:16:29  [INFO]    Loaded 'admissions' → 3589 rows
2026-03-23 17:16:29  [INFO]    Loaded 'appointments' → 19993 rows
2026-03-23 17:16:29  [INFO]    Loaded 'billing' → 21560 rows
2026-03-23 17:16:29  [INFO]    Loaded 'lab_tests' → 26740 rows
2026-03-23 17:16:30  [INFO]    Loaded 'diagnoses' → 36019 rows
2026-03-23 17:16:30  [INFO]    Loaded 'prescriptions' → 54129 rows
2026-03-23 17:16:30  [INFO]  All datasets loaded into SQLite (hospital.db)
2026-03-23 17:16:30  [INFO]  Report generation started.
2026-03-23 17:16:30  [INFO]  Report saved → reports/hospital_report_2026-03-23.txt
2026-03-23 17:16:30  [INFO]  Report generation completed.
2026-03-23 17:16:30  [INFO]  === Pipeline Completed Successfully ===
2026-03-23 17:16:30  [INFO]  Next scheduled run: 2026-03-24 00:00:00
2026-03-25 12:07:22  [INFO]  HospitalPipeline - Scheduler started.
2026-03-25 12:07:22  [INFO]  HospitalPipeline - === Pipeline Run Started ===
2026-03-25 12:07:23  [INFO]  HospitalPipeline - CSV backup saved to cleaned_data/
2026-03-25 12:07:23  [INFO]  HospitalPipeline -   Loaded 'patients' → 10000 rows
2026-03-25 12:07:23  [INFO]  HospitalPipeline -   Loaded 'doctors' → 20 rows
2026-03-25 12:07:23  [INFO]  HospitalPipeline -   Loaded 'departments' → 15 rows
2026-03-25 12:07:23  [INFO]  HospitalPipeline -   Loaded 'admissions' → 3589 rows
2026-03-25 12:07:23  [INFO]  HospitalPipeline -   Loaded 'appointments' → 19993 rows
2026-03-25 12:07:23  [INFO]  HospitalPipeline -   Loaded 'billing' → 21560 rows
2026-03-25 12:07:23  [INFO]  HospitalPipeline -   Loaded 'lab_tests' → 26740 rows
2026-03-25 12:07:24  [INFO]  HospitalPipeline -   Loaded 'diagnoses' → 36019 rows
2026-03-25 12:07:24  [INFO]  HospitalPipeline -   Loaded 'prescriptions' → 54129 rows
2026-03-25 12:07:24  [INFO]  HospitalPipeline - All datasets loaded into SQLite (hospital.db)
2026-03-25 12:07:24  [INFO]  HospitalPipeline - Report generation started.
2026-03-25 12:07:24  [INFO]  HospitalPipeline - Report saved → reports/hospital_report_2026-03-25.txt
2026-03-25 12:07:24  [INFO]  HospitalPipeline - Report generation completed.
2026-03-25 12:07:24  [INFO]  HospitalPipeline - === Pipeline Completed Successfully ===
2026-03-25 12:07:24  [INFO]  HospitalPipeline - Next scheduled run: 2026-03-26 00:00:00
2026-03-25 12:15:16  [INFO]  HospitalPipeline - === Pipeline Started ===
2026-03-25 12:15:17  [INFO]  HospitalPipeline - CSV backup saved to cleaned_data/
2026-03-25 12:15:17  [INFO]  HospitalPipeline -   Loaded 'patients' → 10000 rows
2026-03-25 12:15:17  [INFO]  HospitalPipeline -   Loaded 'doctors' → 20 rows
2026-03-25 12:15:17  [INFO]  HospitalPipeline -   Loaded 'departments' → 15 rows
2026-03-25 12:15:17  [INFO]  HospitalPipeline -   Loaded 'admissions' → 3589 rows
2026-03-25 12:15:17  [INFO]  HospitalPipeline -   Loaded 'appointments' → 19993 rows
2026-03-25 12:15:17  [INFO]  HospitalPipeline -   Loaded 'billing' → 21560 rows
2026-03-25 12:15:18  [INFO]  HospitalPipeline -   Loaded 'lab_tests' → 26740 rows
2026-03-25 12:15:18  [INFO]  HospitalPipeline -   Loaded 'diagnoses' → 36019 rows
2026-03-25 12:15:18  [INFO]  HospitalPipeline -   Loaded 'prescriptions' → 54129 rows
2026-03-25 12:15:18  [INFO]  HospitalPipeline - All datasets loaded into SQLite (hospital.db)
2026-03-25 12:15:18  [INFO]  HospitalPipeline - Report generation started.
2026-03-25 12:15:18  [INFO]  HospitalPipeline - Report saved → reports/hospital_report_2026-03-25.txt
2026-03-25 12:15:18  [INFO]  HospitalPipeline - Report generation completed.
2026-03-25 12:15:18  [INFO]  HospitalPipeline - === Pipeline Completed ===
2026-03-25 12:32:26  [INFO]  HospitalPipeline - === Pipeline Started ===
2026-03-25 12:32:31  [INFO]  HospitalPipeline - === Pipeline Completed ===
2026-03-25 12:32:50  [INFO]  HospitalPipeline - === Pipeline Started ===
2026-03-25 12:32:55  [INFO]  HospitalPipeline - === Pipeline Completed ===
